<?xml version="1.0" encoding="UTF-8" ?>
<testsuite tests="3" failures="2" name="edu.xwei12.chess.GameTest" time="0.148" errors="0" skipped="0">
  <properties>
    <property name="java.runtime.name" value="Java(TM) SE Runtime Environment"/>
    <property name="sun.boot.library.path" value="/Library/Java/JavaVirtualMachines/jdk1.8.0_72.jdk/Contents/Home/jre/lib"/>
    <property name="java.vm.version" value="25.72-b15"/>
    <property name="gopherProxySet" value="false"/>
    <property name="java.vm.vendor" value="Oracle Corporation"/>
    <property name="maven.multiModuleProjectDirectory" value="/Users/xinranmsn/Development/General/Chess"/>
    <property name="java.vendor.url" value="http://java.oracle.com/"/>
    <property name="path.separator" value=":"/>
    <property name="guice.disable.misplaced.annotation.check" value="true"/>
    <property name="java.vm.name" value="Java HotSpot(TM) 64-Bit Server VM"/>
    <property name="file.encoding.pkg" value="sun.io"/>
    <property name="user.country" value="US"/>
    <property name="sun.java.launcher" value="SUN_STANDARD"/>
    <property name="sun.os.patch.level" value="unknown"/>
    <property name="java.vm.specification.name" value="Java Virtual Machine Specification"/>
    <property name="user.dir" value="/Users/xinranmsn/Development/General/Chess"/>
    <property name="java.runtime.version" value="1.8.0_72-b15"/>
    <property name="java.awt.graphicsenv" value="sun.awt.CGraphicsEnvironment"/>
    <property name="java.endorsed.dirs" value="/Library/Java/JavaVirtualMachines/jdk1.8.0_72.jdk/Contents/Home/jre/lib/endorsed"/>
    <property name="os.arch" value="x86_64"/>
    <property name="java.io.tmpdir" value="/var/folders/tv/ywx7h7gd07j69kx4d8mf13g80000gn/T/"/>
    <property name="line.separator" value="
"/>
    <property name="java.vm.specification.vendor" value="Oracle Corporation"/>
    <property name="os.name" value="Mac OS X"/>
    <property name="classworlds.conf" value="/usr/local/Cellar/maven/3.3.9/libexec/bin/m2.conf"/>
    <property name="sun.jnu.encoding" value="UTF-8"/>
    <property name="java.library.path" value="/Users/xinranmsn/Library/Java/Extensions:/Library/Java/Extensions:/Network/Library/Java/Extensions:/System/Library/Java/Extensions:/usr/lib/java:."/>
    <property name="java.specification.name" value="Java Platform API Specification"/>
    <property name="java.class.version" value="52.0"/>
    <property name="sun.management.compiler" value="HotSpot 64-Bit Tiered Compilers"/>
    <property name="os.version" value="10.11.3"/>
    <property name="http.nonProxyHosts" value="local|*.local|169.254/16|*.169.254/16"/>
    <property name="user.home" value="/Users/xinranmsn"/>
    <property name="user.timezone" value="America/Chicago"/>
    <property name="java.awt.printerjob" value="sun.lwawt.macosx.CPrinterJob"/>
    <property name="java.specification.version" value="1.8"/>
    <property name="file.encoding" value="UTF-8"/>
    <property name="user.name" value="xinranmsn"/>
    <property name="java.class.path" value="/usr/local/Cellar/maven/3.3.9/libexec/boot/plexus-classworlds-2.5.2.jar"/>
    <property name="java.vm.specification.version" value="1.8"/>
    <property name="sun.arch.data.model" value="64"/>
    <property name="java.home" value="/Library/Java/JavaVirtualMachines/jdk1.8.0_72.jdk/Contents/Home/jre"/>
    <property name="sun.java.command" value="org.codehaus.plexus.classworlds.launcher.Launcher test"/>
    <property name="java.specification.vendor" value="Oracle Corporation"/>
    <property name="user.language" value="en"/>
    <property name="awt.toolkit" value="sun.lwawt.macosx.LWCToolkit"/>
    <property name="java.vm.info" value="mixed mode"/>
    <property name="java.version" value="1.8.0_72"/>
    <property name="java.ext.dirs" value="/Users/xinranmsn/Library/Java/Extensions:/Library/Java/JavaVirtualMachines/jdk1.8.0_72.jdk/Contents/Home/jre/lib/ext:/Library/Java/Extensions:/Network/Library/Java/Extensions:/System/Library/Java/Extensions:/usr/lib/java"/>
    <property name="sun.boot.class.path" value="/Library/Java/JavaVirtualMachines/jdk1.8.0_72.jdk/Contents/Home/jre/lib/resources.jar:/Library/Java/JavaVirtualMachines/jdk1.8.0_72.jdk/Contents/Home/jre/lib/rt.jar:/Library/Java/JavaVirtualMachines/jdk1.8.0_72.jdk/Contents/Home/jre/lib/sunrsasign.jar:/Library/Java/JavaVirtualMachines/jdk1.8.0_72.jdk/Contents/Home/jre/lib/jsse.jar:/Library/Java/JavaVirtualMachines/jdk1.8.0_72.jdk/Contents/Home/jre/lib/jce.jar:/Library/Java/JavaVirtualMachines/jdk1.8.0_72.jdk/Contents/Home/jre/lib/charsets.jar:/Library/Java/JavaVirtualMachines/jdk1.8.0_72.jdk/Contents/Home/jre/lib/jfr.jar:/Library/Java/JavaVirtualMachines/jdk1.8.0_72.jdk/Contents/Home/jre/classes"/>
    <property name="java.vendor" value="Oracle Corporation"/>
    <property name="maven.home" value="/usr/local/Cellar/maven/3.3.9/libexec"/>
    <property name="file.separator" value="/"/>
    <property name="java.vendor.url.bug" value="http://bugreport.sun.com/bugreport/"/>
    <property name="sun.cpu.endian" value="little"/>
    <property name="sun.io.unicode.encoding" value="UnicodeBig"/>
    <property name="socksNonProxyHosts" value="local|*.local|169.254/16|*.169.254/16"/>
    <property name="ftp.nonProxyHosts" value="local|*.local|169.254/16|*.169.254/16"/>
    <property name="sun.cpu.isalist" value=""/>
  </properties>
  <testcase classname="edu.xwei12.chess.GameTest" name="testStepWithMove" time="0.088"/>
  <testcase classname="edu.xwei12.chess.GameTest" name="testAttack" time="0.032">
    <failure type="junit.framework.AssertionFailedError">junit.framework.AssertionFailedError
	at junit.framework.Assert.fail(Assert.java:48)
	at junit.framework.Assert.assertTrue(Assert.java:20)
	at junit.framework.Assert.assertTrue(Assert.java:27)
	at edu.xwei12.chess.GameTest.testAttack(GameTest.java:61)
	at sun.reflect.NativeMethodAccessorImpl.invoke0(Native Method)
	at sun.reflect.NativeMethodAccessorImpl.invoke(NativeMethodAccessorImpl.java:62)
	at sun.reflect.DelegatingMethodAccessorImpl.invoke(DelegatingMethodAccessorImpl.java:43)
	at java.lang.reflect.Method.invoke(Method.java:498)
	at junit.framework.TestCase.runTest(TestCase.java:168)
	at junit.framework.TestCase.runBare(TestCase.java:134)
	at junit.framework.TestResult$1.protect(TestResult.java:110)
	at junit.framework.TestResult.runProtected(TestResult.java:128)
	at junit.framework.TestResult.run(TestResult.java:113)
	at junit.framework.TestCase.run(TestCase.java:124)
	at junit.framework.TestSuite.runTest(TestSuite.java:243)
	at junit.framework.TestSuite.run(TestSuite.java:238)
	at org.junit.internal.runners.JUnit38ClassRunner.run(JUnit38ClassRunner.java:83)
	at org.apache.maven.surefire.junit4.JUnit4Provider.execute(JUnit4Provider.java:252)
	at org.apache.maven.surefire.junit4.JUnit4Provider.executeTestSet(JUnit4Provider.java:141)
	at org.apache.maven.surefire.junit4.JUnit4Provider.invoke(JUnit4Provider.java:112)
	at sun.reflect.NativeMethodAccessorImpl.invoke0(Native Method)
	at sun.reflect.NativeMethodAccessorImpl.invoke(NativeMethodAccessorImpl.java:62)
	at sun.reflect.DelegatingMethodAccessorImpl.invoke(DelegatingMethodAccessorImpl.java:43)
	at java.lang.reflect.Method.invoke(Method.java:498)
	at org.apache.maven.surefire.util.ReflectionUtils.invokeMethodWithArray(ReflectionUtils.java:189)
	at org.apache.maven.surefire.booter.ProviderFactory$ProviderProxy.invoke(ProviderFactory.java:165)
	at org.apache.maven.surefire.booter.ProviderFactory.invokeProvider(ProviderFactory.java:85)
	at org.apache.maven.surefire.booter.ForkedBooter.runSuitesInProcess(ForkedBooter.java:115)
	at org.apache.maven.surefire.booter.ForkedBooter.main(ForkedBooter.java:75)
</failure>
    <system-out>| Chess board:
|------------------|------------------|------------------|------------------|------------------|------------------|------------------|------------------|
| (7,0)   rook_P2  | (7,1) knight_P2  | (7,2) bishop_P2  | (7,3)  queen_P2  | (7,4)   king_P2  | (7,5) bishop_P2  | (7,6) knight_P2  | (7,7)   rook_P2  |
|------------------|------------------|------------------|------------------|------------------|------------------|------------------|------------------|
| (6,0)   pawn_P2  | (6,1)   pawn_P2  | (6,2)   pawn_P2  | (6,3)   pawn_P2  | (6,4)   pawn_P2  | (6,5)   pawn_P2  | (6,6)   pawn_P2  | (6,7)   pawn_P2  |
|------------------|------------------|------------------|------------------|------------------|------------------|------------------|------------------|
| (5,0)            | (5,1)            | (5,2)            | (5,3)            | (5,4)            | (5,5)            | (5,6)            | (5,7)            |
|------------------|------------------|------------------|------------------|------------------|------------------|------------------|------------------|
| (4,0)            | (4,1)            | (4,2)            | (4,3)            | (4,4)            | (4,5)            | (4,6)            | (4,7)            |
|------------------|------------------|------------------|------------------|------------------|------------------|------------------|------------------|
| (3,0)            | (3,1)            | (3,2)            | (3,3)            | (3,4)            | (3,5)   pawn_P1  | (3,6)            | (3,7)            |
|------------------|------------------|------------------|------------------|------------------|------------------|------------------|------------------|
| (2,0)            | (2,1)            | (2,2)            | (2,3)            | (2,4)            | (2,5)            | (2,6)            | (2,7)            |
|------------------|------------------|------------------|------------------|------------------|------------------|------------------|------------------|
| (1,0)   pawn_P1  | (1,1)   pawn_P1  | (1,2)   pawn_P1  | (1,3)   pawn_P1  | (1,4)   pawn_P1  | (1,5)            | (1,6)   pawn_P1  | (1,7)   pawn_P1  |
|------------------|------------------|------------------|------------------|------------------|------------------|------------------|------------------|
| (0,0)   rook_P1  | (0,1) knight_P1  | (0,2) bishop_P1  | (0,3)  queen_P1  | (0,4)   king_P1  | (0,5) bishop_P1  | (0,6) knight_P1  | (0,7)   rook_P1  |
|------------------|------------------|------------------|------------------|------------------|------------------|------------------|------------------|

| Chess board:
|------------------|------------------|------------------|------------------|------------------|------------------|------------------|------------------|
| (7,0)   rook_P2  | (7,1) knight_P2  | (7,2) bishop_P2  | (7,3)  queen_P2  | (7,4)   king_P2  | (7,5) bishop_P2  | (7,6) knight_P2  | (7,7)   rook_P2  |
|------------------|------------------|------------------|------------------|------------------|------------------|------------------|------------------|
| (6,0)   pawn_P2  | (6,1)   pawn_P2  | (6,2)   pawn_P2  | (6,3)   pawn_P2  | (6,4)   pawn_P2  | (6,5)   pawn_P2  | (6,6)   pawn_P2  | (6,7)   pawn_P2  |
|------------------|------------------|------------------|------------------|------------------|------------------|------------------|------------------|
| (5,0)            | (5,1)            | (5,2)            | (5,3)            | (5,4)            | (5,5)            | (5,6)            | (5,7)            |
|------------------|------------------|------------------|------------------|------------------|------------------|------------------|------------------|
| (4,0)            | (4,1)            | (4,2)            | (4,3)            | (4,4)            | (4,5)   pawn_P1  | (4,6)            | (4,7)            |
|------------------|------------------|------------------|------------------|------------------|------------------|------------------|------------------|
| (3,0)            | (3,1)            | (3,2)            | (3,3)            | (3,4)            | (3,5)            | (3,6)            | (3,7)            |
|------------------|------------------|------------------|------------------|------------------|------------------|------------------|------------------|
| (2,0)            | (2,1)            | (2,2)            | (2,3)            | (2,4)            | (2,5)            | (2,6)            | (2,7)            |
|------------------|------------------|------------------|------------------|------------------|------------------|------------------|------------------|
| (1,0)   pawn_P1  | (1,1)   pawn_P1  | (1,2)   pawn_P1  | (1,3)   pawn_P1  | (1,4)   pawn_P1  | (1,5)            | (1,6)   pawn_P1  | (1,7)   pawn_P1  |
|------------------|------------------|------------------|------------------|------------------|------------------|------------------|------------------|
| (0,0)   rook_P1  | (0,1) knight_P1  | (0,2) bishop_P1  | (0,3)  queen_P1  | (0,4)   king_P1  | (0,5) bishop_P1  | (0,6) knight_P1  | (0,7)   rook_P1  |
|------------------|------------------|------------------|------------------|------------------|------------------|------------------|------------------|

| Chess board:
|------------------|------------------|------------------|------------------|------------------|------------------|------------------|------------------|
| (7,0)   rook_P2  | (7,1) knight_P2  | (7,2) bishop_P2  | (7,3)  queen_P2  | (7,4)   king_P2  | (7,5) bishop_P2  | (7,6) knight_P2  | (7,7)   rook_P2  |
|------------------|------------------|------------------|------------------|------------------|------------------|------------------|------------------|
| (6,0)   pawn_P2  | (6,1)   pawn_P2  | (6,2)   pawn_P2  | (6,3)   pawn_P2  | (6,4)   pawn_P2  | (6,5)   pawn_P2  | (6,6)   pawn_P2  | (6,7)   pawn_P2  |
|------------------|------------------|------------------|------------------|------------------|------------------|------------------|------------------|
| (5,0)            | (5,1)            | (5,2)            | (5,3)            | (5,4)            | (5,5)   pawn_P1  | (5,6)            | (5,7)            |
|------------------|------------------|------------------|------------------|------------------|------------------|------------------|------------------|
| (4,0)            | (4,1)            | (4,2)            | (4,3)            | (4,4)            | (4,5)            | (4,6)            | (4,7)            |
|------------------|------------------|------------------|------------------|------------------|------------------|------------------|------------------|
| (3,0)            | (3,1)            | (3,2)            | (3,3)            | (3,4)            | (3,5)            | (3,6)            | (3,7)            |
|------------------|------------------|------------------|------------------|------------------|------------------|------------------|------------------|
| (2,0)            | (2,1)            | (2,2)            | (2,3)            | (2,4)            | (2,5)            | (2,6)            | (2,7)            |
|------------------|------------------|------------------|------------------|------------------|------------------|------------------|------------------|
| (1,0)   pawn_P1  | (1,1)   pawn_P1  | (1,2)   pawn_P1  | (1,3)   pawn_P1  | (1,4)   pawn_P1  | (1,5)            | (1,6)   pawn_P1  | (1,7)   pawn_P1  |
|------------------|------------------|------------------|------------------|------------------|------------------|------------------|------------------|
| (0,0)   rook_P1  | (0,1) knight_P1  | (0,2) bishop_P1  | (0,3)  queen_P1  | (0,4)   king_P1  | (0,5) bishop_P1  | (0,6) knight_P1  | (0,7)   rook_P1  |
|------------------|------------------|------------------|------------------|------------------|------------------|------------------|------------------|

</system-out>
  </testcase>
  <testcase classname="edu.xwei12.chess.GameTest" name="testCheckmate" time="0.028">
    <failure message="expected:&lt;CHECKMATE&gt; but was:&lt;NORMAL&gt;" type="junit.framework.AssertionFailedError">junit.framework.AssertionFailedError: expected:&lt;CHECKMATE&gt; but was:&lt;NORMAL&gt;
	at junit.framework.Assert.fail(Assert.java:50)
	at junit.framework.Assert.failNotEquals(Assert.java:287)
	at junit.framework.Assert.assertEquals(Assert.java:67)
	at junit.framework.Assert.assertEquals(Assert.java:74)
	at edu.xwei12.chess.GameTest.testCheckmate(GameTest.java:75)
	at sun.reflect.NativeMethodAccessorImpl.invoke0(Native Method)
	at sun.reflect.NativeMethodAccessorImpl.invoke(NativeMethodAccessorImpl.java:62)
	at sun.reflect.DelegatingMethodAccessorImpl.invoke(DelegatingMethodAccessorImpl.java:43)
	at java.lang.reflect.Method.invoke(Method.java:498)
	at junit.framework.TestCase.runTest(TestCase.java:168)
	at junit.framework.TestCase.runBare(TestCase.java:134)
	at junit.framework.TestResult$1.protect(TestResult.java:110)
	at junit.framework.TestResult.runProtected(TestResult.java:128)
	at junit.framework.TestResult.run(TestResult.java:113)
	at junit.framework.TestCase.run(TestCase.java:124)
	at junit.framework.TestSuite.runTest(TestSuite.java:243)
	at junit.framework.TestSuite.run(TestSuite.java:238)
	at org.junit.internal.runners.JUnit38ClassRunner.run(JUnit38ClassRunner.java:83)
	at org.apache.maven.surefire.junit4.JUnit4Provider.execute(JUnit4Provider.java:252)
	at org.apache.maven.surefire.junit4.JUnit4Provider.executeTestSet(JUnit4Provider.java:141)
	at org.apache.maven.surefire.junit4.JUnit4Provider.invoke(JUnit4Provider.java:112)
	at sun.reflect.NativeMethodAccessorImpl.invoke0(Native Method)
	at sun.reflect.NativeMethodAccessorImpl.invoke(NativeMethodAccessorImpl.java:62)
	at sun.reflect.DelegatingMethodAccessorImpl.invoke(DelegatingMethodAccessorImpl.java:43)
	at java.lang.reflect.Method.invoke(Method.java:498)
	at org.apache.maven.surefire.util.ReflectionUtils.invokeMethodWithArray(ReflectionUtils.java:189)
	at org.apache.maven.surefire.booter.ProviderFactory$ProviderProxy.invoke(ProviderFactory.java:165)
	at org.apache.maven.surefire.booter.ProviderFactory.invokeProvider(ProviderFactory.java:85)
	at org.apache.maven.surefire.booter.ForkedBooter.runSuitesInProcess(ForkedBooter.java:115)
	at org.apache.maven.surefire.booter.ForkedBooter.main(ForkedBooter.java:75)
</failure>
    <system-out>| Chess board:
|------------------|------------------|------------------|------------------|------------------|------------------|------------------|------------------|
| (7,0)   rook_P2  | (7,1) knight_P2  | (7,2) bishop_P2  | (7,3)  queen_P2  | (7,4)   king_P2  | (7,5) bishop_P2  | (7,6) knight_P2  | (7,7)   rook_P2  |
|------------------|------------------|------------------|------------------|------------------|------------------|------------------|------------------|
| (6,0)   pawn_P2  | (6,1)   pawn_P2  | (6,2)   pawn_P2  | (6,3)   pawn_P2  | (6,4)   pawn_P2  | (6,5)   pawn_P2  | (6,6)   pawn_P2  | (6,7)   pawn_P2  |
|------------------|------------------|------------------|------------------|------------------|------------------|------------------|------------------|
| (5,0)            | (5,1)            | (5,2)            | (5,3)            | (5,4)            | (5,5)            | (5,6)            | (5,7)            |
|------------------|------------------|------------------|------------------|------------------|------------------|------------------|------------------|
| (4,0)            | (4,1)            | (4,2)            | (4,3)            | (4,4)            | (4,5)            | (4,6)            | (4,7)            |
|------------------|------------------|------------------|------------------|------------------|------------------|------------------|------------------|
| (3,0)            | (3,1)            | (3,2)            | (3,3)            | (3,4)   pawn_P1  | (3,5)            | (3,6)            | (3,7)            |
|------------------|------------------|------------------|------------------|------------------|------------------|------------------|------------------|
| (2,0)            | (2,1)            | (2,2)            | (2,3)            | (2,4)            | (2,5)            | (2,6)            | (2,7)            |
|------------------|------------------|------------------|------------------|------------------|------------------|------------------|------------------|
| (1,0)   pawn_P1  | (1,1)   pawn_P1  | (1,2)   pawn_P1  | (1,3)   pawn_P1  | (1,4)            | (1,5)   pawn_P1  | (1,6)   pawn_P1  | (1,7)   pawn_P1  |
|------------------|------------------|------------------|------------------|------------------|------------------|------------------|------------------|
| (0,0)   rook_P1  | (0,1) knight_P1  | (0,2) bishop_P1  | (0,3)  queen_P1  | (0,4)   king_P1  | (0,5) bishop_P1  | (0,6) knight_P1  | (0,7)   rook_P1  |
|------------------|------------------|------------------|------------------|------------------|------------------|------------------|------------------|

| Chess board:
|------------------|------------------|------------------|------------------|------------------|------------------|------------------|------------------|
| (7,0)   rook_P2  | (7,1) knight_P2  | (7,2) bishop_P2  | (7,3)  queen_P2  | (7,4)   king_P2  | (7,5) bishop_P2  | (7,6) knight_P2  | (7,7)   rook_P2  |
|------------------|------------------|------------------|------------------|------------------|------------------|------------------|------------------|
| (6,0)   pawn_P2  | (6,1)   pawn_P2  | (6,2)   pawn_P2  | (6,3)   pawn_P2  | (6,4)   pawn_P2  | (6,5)   pawn_P2  | (6,6)   pawn_P2  | (6,7)   pawn_P2  |
|------------------|------------------|------------------|------------------|------------------|------------------|------------------|------------------|
| (5,0)            | (5,1)            | (5,2)            | (5,3)            | (5,4)            | (5,5)            | (5,6)            | (5,7)            |
|------------------|------------------|------------------|------------------|------------------|------------------|------------------|------------------|
| (4,0)            | (4,1)            | (4,2)            | (4,3)            | (4,4)   pawn_P1  | (4,5)            | (4,6)            | (4,7)            |
|------------------|------------------|------------------|------------------|------------------|------------------|------------------|------------------|
| (3,0)            | (3,1)            | (3,2)            | (3,3)            | (3,4)            | (3,5)            | (3,6)            | (3,7)            |
|------------------|------------------|------------------|------------------|------------------|------------------|------------------|------------------|
| (2,0)            | (2,1)            | (2,2)            | (2,3)            | (2,4)            | (2,5)            | (2,6)            | (2,7)            |
|------------------|------------------|------------------|------------------|------------------|------------------|------------------|------------------|
| (1,0)   pawn_P1  | (1,1)   pawn_P1  | (1,2)   pawn_P1  | (1,3)   pawn_P1  | (1,4)            | (1,5)   pawn_P1  | (1,6)   pawn_P1  | (1,7)   pawn_P1  |
|------------------|------------------|------------------|------------------|------------------|------------------|------------------|------------------|
| (0,0)   rook_P1  | (0,1) knight_P1  | (0,2) bishop_P1  | (0,3)  queen_P1  | (0,4)   king_P1  | (0,5) bishop_P1  | (0,6) knight_P1  | (0,7)   rook_P1  |
|------------------|------------------|------------------|------------------|------------------|------------------|------------------|------------------|

| Chess board:
|------------------|------------------|------------------|------------------|------------------|------------------|------------------|------------------|
| (7,0)   rook_P2  | (7,1) knight_P2  | (7,2) bishop_P2  | (7,3)  queen_P2  | (7,4)   king_P2  | (7,5) bishop_P2  | (7,6) knight_P2  | (7,7)   rook_P2  |
|------------------|------------------|------------------|------------------|------------------|------------------|------------------|------------------|
| (6,0)   pawn_P2  | (6,1)   pawn_P2  | (6,2)   pawn_P2  | (6,3)   pawn_P2  | (6,4)   pawn_P2  | (6,5)   pawn_P2  | (6,6)   pawn_P2  | (6,7)   pawn_P2  |
|------------------|------------------|------------------|------------------|------------------|------------------|------------------|------------------|
| (5,0)            | (5,1)            | (5,2)            | (5,3)            | (5,4)   pawn_P1  | (5,5)            | (5,6)            | (5,7)            |
|------------------|------------------|------------------|------------------|------------------|------------------|------------------|------------------|
| (4,0)            | (4,1)            | (4,2)            | (4,3)            | (4,4)            | (4,5)            | (4,6)            | (4,7)            |
|------------------|------------------|------------------|------------------|------------------|------------------|------------------|------------------|
| (3,0)            | (3,1)            | (3,2)            | (3,3)            | (3,4)            | (3,5)            | (3,6)            | (3,7)            |
|------------------|------------------|------------------|------------------|------------------|------------------|------------------|------------------|
| (2,0)            | (2,1)            | (2,2)            | (2,3)            | (2,4)            | (2,5)            | (2,6)            | (2,7)            |
|------------------|------------------|------------------|------------------|------------------|------------------|------------------|------------------|
| (1,0)   pawn_P1  | (1,1)   pawn_P1  | (1,2)   pawn_P1  | (1,3)   pawn_P1  | (1,4)            | (1,5)   pawn_P1  | (1,6)   pawn_P1  | (1,7)   pawn_P1  |
|------------------|------------------|------------------|------------------|------------------|------------------|------------------|------------------|
| (0,0)   rook_P1  | (0,1) knight_P1  | (0,2) bishop_P1  | (0,3)  queen_P1  | (0,4)   king_P1  | (0,5) bishop_P1  | (0,6) knight_P1  | (0,7)   rook_P1  |
|------------------|------------------|------------------|------------------|------------------|------------------|------------------|------------------|

</system-out>
  </testcase>
</testsuite>